<?xml version="1.0" encoding="UTF-8"?>
<testng-results skipped="0" failed="0" ignored="0" total="2" passed="2">
  <reporter-output>
  </reporter-output>
  <suite name="All Test Suite" duration-ms="94124" started-at="2022-07-27T07:11:21Z" finished-at="2022-07-27T07:12:55Z">
    <groups>
    </groups>
    <test name="AccessHQ" duration-ms="94124" started-at="2022-07-27T07:11:21Z" finished-at="2022-07-27T07:12:55Z">
      <class name="com.accesshq.web.tests.TestSuite">
        <test-method status="PASS" signature="setUp()[pri:0, instance:com.accesshq.web.tests.TestSuite@210366b4]" name="setUp" is-config="true" duration-ms="3291" started-at="2022-07-27T07:11:22Z" finished-at="2022-07-27T07:11:25Z">
          <reporter-output>
          </reporter-output>
        </test-method> <!-- setUp -->
        <test-method status="PASS" signature="tc_01(java.lang.String)[pri:0, instance:com.accesshq.web.tests.TestSuite@210366b4]" name="tc_01" duration-ms="40234" started-at="2022-07-27T07:11:25Z" data-provider="dt_01" finished-at="2022-07-27T07:12:05Z">
          <params>
            <param index="0">
              <value>
                <![CDATA[tc_01]]>
              </value>
            </param>
          </params>
          <reporter-output>
          </reporter-output>
        </test-method> <!-- tc_01 -->
        <test-method status="PASS" signature="afterClass()[pri:0, instance:com.accesshq.web.tests.TestSuite@210366b4]" name="afterClass" is-config="true" duration-ms="941" started-at="2022-07-27T07:12:05Z" finished-at="2022-07-27T07:12:06Z">
          <reporter-output>
          </reporter-output>
        </test-method> <!-- afterClass -->
        <test-method status="PASS" signature="setUp()[pri:0, instance:com.accesshq.web.tests.TestSuite@210366b4]" name="setUp" is-config="true" duration-ms="1695" started-at="2022-07-27T07:12:06Z" finished-at="2022-07-27T07:12:08Z">
          <reporter-output>
          </reporter-output>
        </test-method> <!-- setUp -->
        <test-method status="PASS" signature="tc_02(java.lang.String)[pri:0, instance:com.accesshq.web.tests.TestSuite@210366b4]" name="tc_02" duration-ms="46346" started-at="2022-07-27T07:12:08Z" data-provider="dt_02" finished-at="2022-07-27T07:12:54Z">
          <params>
            <param index="0">
              <value>
                <![CDATA[tc_02]]>
              </value>
            </param>
          </params>
          <reporter-output>
          </reporter-output>
        </test-method> <!-- tc_02 -->
        <test-method status="PASS" signature="afterClass()[pri:0, instance:com.accesshq.web.tests.TestSuite@210366b4]" name="afterClass" is-config="true" duration-ms="938" started-at="2022-07-27T07:12:54Z" finished-at="2022-07-27T07:12:55Z">
          <reporter-output>
          </reporter-output>
        </test-method> <!-- afterClass -->
      </class> <!-- com.accesshq.web.tests.TestSuite -->
    </test> <!-- AccessHQ -->
  </suite> <!-- All Test Suite -->
</testng-results>
